<?xml version="1.0" encoding="UTF-8"?>
<testng-results ignored="0" total="4" passed="4" failed="0" skipped="0">
  <reporter-output>
  </reporter-output>
  <suite started-at="2022-02-12T00:25:49 IST" name="redBusSuite" finished-at="2022-02-12T00:26:29 IST" duration-ms="39941">
    <groups>
    </groups>
    <test started-at="2022-02-12T00:25:49 IST" name="Test1" finished-at="2022-02-12T00:26:10 IST" duration-ms="21032">
      <class name="test.RedtestNG">
        <test-method is-config="true" signature="beforetest(java.lang.String)[pri:0, instance:test.RedtestNG@5e82df6a]" started-at="2022-02-12T00:25:49 IST" name="beforetest" finished-at="2022-02-12T00:25:54 IST" duration-ms="4676" status="PASS">
          <params>
            <param index="0">
              <value>
                <![CDATA[edge]]>
              </value>
            </param>
          </params>
          <reporter-output>
          </reporter-output>
        </test-method> <!-- beforetest -->
        <test-method is-config="true" signature="beforeClass1()[pri:0, instance:test.RedtestNG@5e82df6a]" started-at="2022-02-12T00:25:54 IST" name="beforeClass1" finished-at="2022-02-12T00:25:54 IST" duration-ms="101" status="PASS">
          <reporter-output>
          </reporter-output>
        </test-method> <!-- beforeClass1 -->
        <test-method is-config="true" signature="beforeMethod1()[pri:0, instance:test.RedtestNG@5e82df6a]" started-at="2022-02-12T00:25:54 IST" name="beforeMethod1" finished-at="2022-02-12T00:25:57 IST" duration-ms="3124" status="PASS">
          <reporter-output>
          </reporter-output>
        </test-method> <!-- beforeMethod1 -->
        <test-method signature="test1()[pri:0, instance:test.RedtestNG@5e82df6a]" started-at="2022-02-12T00:25:57 IST" name="test1" finished-at="2022-02-12T00:26:02 IST" duration-ms="5148" status="PASS">
          <reporter-output>
          </reporter-output>
        </test-method> <!-- test1 -->
        <test-method is-config="true" signature="beforeMethod1()[pri:0, instance:test.RedtestNG@5e82df6a]" started-at="2022-02-12T00:26:02 IST" name="beforeMethod1" finished-at="2022-02-12T00:26:03 IST" duration-ms="1097" status="PASS">
          <reporter-output>
          </reporter-output>
        </test-method> <!-- beforeMethod1 -->
        <test-method is-config="true" signature="afterMethod1()[pri:0, instance:test.RedtestNG@5e82df6a]" started-at="2022-02-12T00:26:02 IST" name="afterMethod1" finished-at="2022-02-12T00:26:02 IST" duration-ms="0" status="PASS">
          <reporter-output>
          </reporter-output>
        </test-method> <!-- afterMethod1 -->
        <test-method signature="test2()[pri:0, instance:test.RedtestNG@5e82df6a]" started-at="2022-02-12T00:26:03 IST" name="test2" finished-at="2022-02-12T00:26:10 IST" duration-ms="6494" status="PASS">
          <reporter-output>
          </reporter-output>
        </test-method> <!-- test2 -->
        <test-method is-config="true" signature="afterMethod1()[pri:0, instance:test.RedtestNG@5e82df6a]" started-at="2022-02-12T00:26:10 IST" name="afterMethod1" finished-at="2022-02-12T00:26:10 IST" duration-ms="1" status="PASS">
          <reporter-output>
          </reporter-output>
        </test-method> <!-- afterMethod1 -->
        <test-method is-config="true" signature="afterClass1()[pri:0, instance:test.RedtestNG@5e82df6a]" started-at="2022-02-12T00:26:10 IST" name="afterClass1" finished-at="2022-02-12T00:26:10 IST" duration-ms="1" status="PASS">
          <reporter-output>
          </reporter-output>
        </test-method> <!-- afterClass1 -->
        <test-method is-config="true" signature="aftertest1()[pri:0, instance:test.RedtestNG@5e82df6a]" started-at="2022-02-12T00:26:10 IST" name="aftertest1" finished-at="2022-02-12T00:26:10 IST" duration-ms="286" status="PASS">
          <reporter-output>
          </reporter-output>
        </test-method> <!-- aftertest1 -->
      </class> <!-- test.RedtestNG -->
    </test> <!-- Test1 -->
    <test started-at="2022-02-12T00:26:10 IST" name="Test2" finished-at="2022-02-12T00:26:29 IST" duration-ms="18768">
      <class name="test.RedtestNG">
        <test-method is-config="true" signature="beforetest(java.lang.String)[pri:0, instance:test.RedtestNG@42e99e4a]" started-at="2022-02-12T00:26:10 IST" name="beforetest" finished-at="2022-02-12T00:26:12 IST" duration-ms="1577" status="PASS">
          <params>
            <param index="0">
              <value>
                <![CDATA[chrome]]>
              </value>
            </param>
          </params>
          <reporter-output>
          </reporter-output>
        </test-method> <!-- beforetest -->
        <test-method is-config="true" signature="beforeClass1()[pri:0, instance:test.RedtestNG@42e99e4a]" started-at="2022-02-12T00:26:12 IST" name="beforeClass1" finished-at="2022-02-12T00:26:12 IST" duration-ms="2" status="PASS">
          <reporter-output>
          </reporter-output>
        </test-method> <!-- beforeClass1 -->
        <test-method is-config="true" signature="beforeMethod1()[pri:0, instance:test.RedtestNG@42e99e4a]" started-at="2022-02-12T00:26:12 IST" name="beforeMethod1" finished-at="2022-02-12T00:26:18 IST" duration-ms="5652" status="PASS">
          <reporter-output>
          </reporter-output>
        </test-method> <!-- beforeMethod1 -->
        <test-method signature="test1()[pri:0, instance:test.RedtestNG@42e99e4a]" started-at="2022-02-12T00:26:18 IST" name="test1" finished-at="2022-02-12T00:26:22 IST" duration-ms="4178" status="PASS">
          <reporter-output>
          </reporter-output>
        </test-method> <!-- test1 -->
        <test-method is-config="true" signature="beforeMethod1()[pri:0, instance:test.RedtestNG@42e99e4a]" started-at="2022-02-12T00:26:22 IST" name="beforeMethod1" finished-at="2022-02-12T00:26:23 IST" duration-ms="1073" status="PASS">
          <reporter-output>
          </reporter-output>
        </test-method> <!-- beforeMethod1 -->
        <test-method is-config="true" signature="afterMethod1()[pri:0, instance:test.RedtestNG@42e99e4a]" started-at="2022-02-12T00:26:22 IST" name="afterMethod1" finished-at="2022-02-12T00:26:22 IST" duration-ms="0" status="PASS">
          <reporter-output>
          </reporter-output>
        </test-method> <!-- afterMethod1 -->
        <test-method signature="test2()[pri:0, instance:test.RedtestNG@42e99e4a]" started-at="2022-02-12T00:26:23 IST" name="test2" finished-at="2022-02-12T00:26:29 IST" duration-ms="6129" status="PASS">
          <reporter-output>
          </reporter-output>
        </test-method> <!-- test2 -->
        <test-method is-config="true" signature="afterClass1()[pri:0, instance:test.RedtestNG@42e99e4a]" started-at="2022-02-12T00:26:29 IST" name="afterClass1" finished-at="2022-02-12T00:26:29 IST" duration-ms="0" status="PASS">
          <reporter-output>
          </reporter-output>
        </test-method> <!-- afterClass1 -->
        <test-method is-config="true" signature="afterMethod1()[pri:0, instance:test.RedtestNG@42e99e4a]" started-at="2022-02-12T00:26:29 IST" name="afterMethod1" finished-at="2022-02-12T00:26:29 IST" duration-ms="0" status="PASS">
          <reporter-output>
          </reporter-output>
        </test-method> <!-- afterMethod1 -->
        <test-method is-config="true" signature="aftertest1()[pri:0, instance:test.RedtestNG@42e99e4a]" started-at="2022-02-12T00:26:29 IST" name="aftertest1" finished-at="2022-02-12T00:26:29 IST" duration-ms="147" status="PASS">
          <reporter-output>
          </reporter-output>
        </test-method> <!-- aftertest1 -->
      </class> <!-- test.RedtestNG -->
    </test> <!-- Test2 -->
  </suite> <!-- redBusSuite -->
</testng-results>
